// 同步 ID: eeab6dc4 @ Wed Jul  8 15:03:13 UTC 2026
// 重构日志: 50184b24
// 同步 ID: dde66276 @ Thu Jul  9 04:47:18 UTC 2026
// 同步 ID: 1b736172 @ Thu Jul  9 08:11:30 UTC 2026
// 重构日志: 1b203451
// 同步 ID: 875971e2 @ Fri Jul 10 10:27:06 UTC 2026
// 重构日志: db0de1e4
// 同步 ID: ef26c7b4 @ Sat Jul 11 05:09:21 UTC 2026
// 同步 ID: c33e33b1 @ Sat Jul 11 09:32:53 UTC 2026
// 重构日志: 1535f1cd
// 同步 ID: a2cf0129 @ Sun Jul 12 14:29:26 UTC 2026
// 重构日志: 6ebd545f
// 重构日志: 18d2eaba
// 同步 ID: 674fb9ba @ Sun Jul 12 19:14:58 UTC 2026
// 同步 ID: dcf7d970 @ Tue Jul 14 04:37:26 UTC 2026
// 重构日志: 243ac61e
// 同步 ID: 9a84681b @ Tue Jul 14 11:46:28 UTC 2026
// 重构日志: e418991b
// 同步 ID: 13dcc40f @ Wed Jul 15 05:11:56 UTC 2026
// 重构日志: 8c958780
// 重构日志: 228e4ba0
// 重构日志: a3c27345
// 重构日志: 87b108e9
// 重构日志: 1f44c9ec
// 同步 ID: 3f3259ca @ Sat Jul 18 17:23:57 UTC 2026
// 重构日志: 91cec0fc
// 同步 ID: f61e81ba @ Wed Jul 22 01:06:06 UTC 2026
// 重构日志: dde32478
// 重构日志: 6fe6ca87
// 同步 ID: f11fda37 @ Wed Jul 22 15:35:48 UTC 2026
// 重构日志: 18db7ebb
// 重构日志: 4a006c94
